<?xml version="1.0" encoding="UTF-8" ?>
<testsuite errors="0" failures="0" hostname="aluno-Unipe" name="com.br.fabsolutionsw.luanareis.TestValores" skipped="0" tests="2" time="0.411" timestamp="2019-09-28T07:17:23">
  <properties>
[...]
</properties>
  <testcase classname="com.br.fabsolutionsw.luanareis.TestValores" name="testDel" time="0.005" />
  <testcase classname="com.br.fabsolutionsw.luanareis.TestValores" name="testIns" time="0.0" />
  <system-out><![CDATA[]]></system-out>
  <system-err><![CDATA[]]></system-err>
</testsuite>
